{"numTotalTestSuites":2,"numPassedTestSuites":0,"numFailedTestSuites":2,"numPendingTestSuites":0,"numTotalTests":6,"numPassedTests":4,"numFailedTests":2,"numPendingTests":0,"numTodoTests":0,"snapshot":{"added":0,"failure":false,"filesAdded":0,"filesRemoved":0,"filesRemovedList":[],"filesUnmatched":0,"filesUpdated":0,"matched":0,"total":0,"unchecked":0,"uncheckedKeysByFile":[],"unmatched":0,"updated":0,"didUpdate":false},"startTime":1766329287582,"success":false,"testResults":[{"assertionResults":[{"ancestorTitles":["Repair Expense E2E Tests"],"fullName":"Repair Expense E2E Tests Test 1: requiresExpense = false → cannot create expense","status":"passed","title":"Test 1: requiresExpense = false → cannot create expense","duration":27.975999999999885,"failureMessages":[],"meta":{}},{"ancestorTitles":["Repair Expense E2E Tests"],"fullName":"Repair Expense E2E Tests Test 2: Expense is created successfully","status":"failed","title":"Test 2: Expense is created successfully","duration":30.849099999999908,"failureMessages":["Error: No active period found for this section\n    at Function.createRepairExpense (C:\\Users\\pragr\\blessing\\backend\\src\\modules\\assets\\repair-expense.service.ts:78:23)\n    at processTicksAndRejections (node:internal/process/task_queues:105:5)\n    at C:\\Users\\pragr\\blessing\\backend\\tests\\e2e\\repair-expense.test.ts:143:24\n    at file:///C:/Users/pragr/blessing/backend/node_modules/@vitest/runner/dist/chunk-hooks.js:752:20"],"meta":{}},{"ancestorTitles":["Repair Expense E2E Tests"],"fullName":"Repair Expense E2E Tests Test 3: Cannot create expense twice for same incident","status":"passed","title":"Test 3: Cannot create expense twice for same incident","duration":17.081100000000106,"failureMessages":[],"meta":{}},{"ancestorTitles":["Repair Expense E2E Tests"],"fullName":"Repair Expense E2E Tests Test 4: Section asset → ACTIVE period is auto-detected","status":"failed","title":"Test 4: Section asset → ACTIVE period is auto-detected","duration":16.13059999999996,"failureMessages":["Error: No active period found for this section\n    at Function.createRepairExpense (C:\\Users\\pragr\\blessing\\backend\\src\\modules\\assets\\repair-expense.service.ts:78:23)\n    at processTicksAndRejections (node:internal/process/task_queues:105:5)\n    at C:\\Users\\pragr\\blessing\\backend\\tests\\e2e\\repair-expense.test.ts:243:24\n    at file:///C:/Users/pragr/blessing/backend/node_modules/@vitest/runner/dist/chunk-hooks.js:752:20"],"meta":{}},{"ancestorTitles":["Repair Expense E2E Tests"],"fullName":"Repair Expense E2E Tests Test 5: Sectionless asset without periodId → error","status":"passed","title":"Test 5: Sectionless asset without periodId → error","duration":5.893600000000106,"failureMessages":[],"meta":{}},{"ancestorTitles":["Repair Expense E2E Tests"],"fullName":"Repair Expense E2E Tests Test 6: Expense creation marks incident as resolved","status":"passed","title":"Test 6: Expense creation marks incident as resolved","duration":12.84310000000005,"failureMessages":[],"meta":{}}],"startTime":1766329288801,"endTime":1766329288911.843,"status":"failed","message":"","name":"C:/Users/pragr/blessing/backend/tests/e2e/repair-expense.test.ts"}]}